<?xml version="1.0" encoding="UTF-8"?>
<!-- Generated by org.testng.reporters.JUnitReportReporter -->
<testsuite hostname="Anurags-MBP.lan" name="qaEnginnerPaytmInsider.qaEngineerPaytmInsider.script" tests="2" failures="0" timestamp="3 May 2020 20:38:35 GMT" time="3.025" errors="0">
  <testcase name="validatingMovieData" time="0.376" classname="qaEnginnerPaytmInsider.qaEngineerPaytmInsider.script"/>
  <testcase name="isMovieContentAvailable" time="2.649" classname="qaEnginnerPaytmInsider.qaEngineerPaytmInsider.script"/>
</testsuite> <!-- qaEnginnerPaytmInsider.qaEngineerPaytmInsider.script -->
